make all --print-data-base --no-builtin-variables --no-builtin-rules --question
make: *** No rule to make target 'all'.  Stop.

# GNU Make 4.3
# Built for x86_64-pc-linux-gnu
# Copyright (C) 1988-2020 Free Software Foundation, Inc.
# License GPLv3+: GNU GPL version 3 or later <http://gnu.org/licenses/gpl.html>
# This is free software: you are free to change and redistribute it.
# There is NO WARRANTY, to the extent permitted by law.

# Make data base, printed on Fri Jul  1 01:15:37 2022

# Variables

# environment
GDK_BACKEND = x11
# environment
LC_ALL = C
# environment
NO_AT_BRIDGE = 1
# environment
GTK_RC_FILES = /etc/gtk/gtkrc:/home/g3z/.gtkrc:/home/g3z/.config/gtkrc
# environment
VSCODE_IPC_HOOK_EXTHOST = /run/user/1000/vscode-ipc-9607b7af-162d-4590-94f7-4449ef7b533a.sock
# environment
VSCODE_CWD = /run/media/g3z/SS13WL-WD10SPZX/projects
# default
MAKE_COMMAND := make
# automatic
@D = $(patsubst %/,%,$(dir $@))
# environment
VSCODE_HANDLES_UNCAUGHT_ERRORS = true
# default
.VARIABLES := 
# environment
PWD = /run/media/g3z/SS13WL-WD10SPZX/projects/thread_pool
# automatic
%D = $(patsubst %/,%,$(dir $%))
# environment
project = cnuro-development
# environment
MAIL = /var/spool/mail/g3z
# environment
XDG_DATA_DIRS = /home/g3z/.local/share/flatpak/exports/share:/var/lib/flatpak/exports/share:/usr/local/share:/usr/share:/var/lib/snapd/desktop
# environment
OLDPWD = /home/g3z
# automatic
^D = $(patsubst %/,%,$(dir $^))
# environment
VSCODE_LOG_STACK = false
# automatic
%F = $(notdir $%)
# environment
VSCODE_CODE_CACHE_PATH = /home/g3z/.config/Code/CachedData/30d9c6cd9483b2cc586687151bcbcd635f373630
# environment
XDG_SESSION_PATH = /org/freedesktop/DisplayManager/Session1
# environment
LANG = C
# environment
XAUTHORITY = /home/g3z/.Xauthority
# default
.LOADED := 
# default
.INCLUDE_DIRS = /usr/include /usr/local/include /usr/include
# makefile
MAKEFLAGS = pqrR
# makefile
CURDIR := /run/media/g3z/SS13WL-WD10SPZX/projects/thread_pool
# environment
VSCODE_PIPE_LOGGING = true
# environment
APPLICATION_INSIGHTS_NO_DIAGNOSTIC_CHANNEL = 1
# automatic
*D = $(patsubst %/,%,$(dir $*))
# environment
PAM_KWALLET5_LOGIN = /run/user/1000/kwallet5.socket
# environment
MFLAGS = -pqrR
# default
.SHELLFLAGS := -c
# environment
XDG_CONFIG_DIRS = /home/g3z/.config/kdedefaults:/etc/xdg
# automatic
+D = $(patsubst %/,%,$(dir $+))
# environment
XCURSOR_THEME = Oxygen_White
# environment
XDG_SESSION_DESKTOP = KDE
# makefile (from 'Makefile', line 1)
MAKEFILE_LIST := Makefile
# environment
CONDA_SHLVL = 0
# automatic
@F = $(notdir $@)
# environment
VSCODE_VERBOSE_LOGGING = true
# environment
VSCODE_PID = 1571
# environment
XDG_SESSION_TYPE = x11
# automatic
?D = $(patsubst %/,%,$(dir $?))
# environment
CONDA_PYTHON_EXE = /opt/miniconda3/bin/python
# environment
SESSION_MANAGER = local/SS13DL-I3542:@/tmp/.ICE-unix/636,unix/SS13DL-I3542:/tmp/.ICE-unix/636
# automatic
*F = $(notdir $*)
# environment
CHROME_DESKTOP = code-url-handler.desktop
# environment
DBUS_SESSION_BUS_ADDRESS = unix:path=/run/user/1000/bus
# automatic
<D = $(patsubst %/,%,$(dir $<))
# environment
VSCODE_NLS_CONFIG = {"locale":"en-us","availableLanguages":{},"_languagePackSupport":true}
# default
MAKE_HOST := x86_64-pc-linux-gnu
# makefile
SHELL = /bin/sh
# default
MAKECMDGOALS := all
# environment
DOTNET_BUNDLE_EXTRACT_BASE_DIR = /home/g3z/.cache/dotnet_bundle_extract
# environment
SHLVL = 1
# environment
port = 8080
# environment
MAKELEVEL := 0
# environment
dev = true
# default
MAKE = $(MAKE_COMMAND)
# environment
PATH = /opt/miniconda3/condabin:/usr/local/sbin:/usr/local/bin:/usr/bin:/home/g3z/.dotnet/tools:/usr/lib/jvm/default/bin:/usr/bin/site_perl:/usr/bin/vendor_perl:/usr/bin/core_perl:/var/lib/snapd/snap/bin
# default
MAKEFILES := 
# environment
MOTD_SHOWN = pam
# automatic
^F = $(notdir $^)
# environment
INVOCATION_ID = 52ed7ef1795d4d17a695964d56664184
# environment
VSCODE_LOG_NATIVE = false
# automatic
?F = $(notdir $?)
# environment
KDE_APPLICATIONS_AS_SCOPE = 1
# environment
XDG_SEAT = seat0
# environment
XDG_CURRENT_DESKTOP = KDE
# automatic
+F = $(notdir $+)
# environment
XDG_SEAT_PATH = /org/freedesktop/DisplayManager/Seat0
# environment
DESKTOP_SESSION = plasma
# environment
ORIGINAL_XDG_CURRENT_DESKTOP = KDE
# 'override' directive
GNUMAKEFLAGS := 
# environment
LOGNAME = g3z
# environment
XDG_VTNR = 1
# makefile
.DEFAULT_GOAL := 
# environment
SYSTEMD_EXEC_PID = 665
# environment
DISPLAY = :0
# environment
GTK_MODULES = canberra-gtk-module
# environment
USER = g3z
# default
MAKE_VERSION := 4.3
# environment
KDE_SESSION_UID = 1000
# environment
MANAGERPID = 582
# environment
DEBUGINFOD_URLS = https://debuginfod.archlinux.org
# environment
_ = /usr/bin/make
# environment
XDG_RUNTIME_DIR = /run/user/1000
# environment
_CE_M = 
# environment
GOOGLE_APPLICATION_CREDENTIALS = /run/media/g3z/SS13WL-WD10SPZX/DeterminantStudios/CloudNuro/cnuro-development-e7ff400cf05c.json
# environment
JOURNAL_STREAM = 8:18229
# environment
XDG_SESSION_CLASS = user
# environment
VSCODE_AMD_ENTRYPOINT = vs/workbench/api/node/extensionHostProcess
# environment
GTK2_RC_FILES = /etc/gtk-2.0/gtkrc:/home/g3z/.gtkrc-2.0:/home/g3z/.config/gtkrc-2.0
# environment
HOME = /home/g3z
# environment
ELECTRON_RUN_AS_NODE = 1
# environment
VSCODE_IPC_HOOK = /run/user/1000/vscode-ea2583d2-1.68.1-main.sock
# environment
XDG_SESSION_ID = 2
# environment
XCURSOR_SIZE = 24
# default
.RECIPEPREFIX := 
# automatic
<F = $(notdir $<)
# default
SUFFIXES := 
# environment
QT_AUTO_SCREEN_SCALE_FACTOR = 0
# environment
VSCODE_CLI = 1
# environment
ELECTRON_NO_ATTACH_CONSOLE = 1
# environment
KDE_SESSION_VERSION = 5
# default
.FEATURES := target-specific order-only second-expansion else-if shortest-stem undefine oneshell nocomment grouped-target extra-prereqs archives jobserver output-sync check-symlink guile load
# environment
KDE_FULL_SESSION = true
# environment
DOTNET_ROOT = /usr/share/dotnet
# environment
CONDA_EXE = /opt/miniconda3/bin/conda
# environment
_CE_CONDA = 
# variable set hash-table stats:
# Load=111/1024=11%, Rehash=0, Collisions=6/140=4%

# Pattern-specific Variable Values

# No pattern-specific variable values.

# Directories

# . (device 2065, inode 23462): 11 files, no impossibilities.

# 11 files, no impossibilities in 1 directories.

# Implicit Rules

# No implicit rules.

# Files

# Not a target:
Makefile:
#  Implicit rule search has been done.
#  Last modified 2022-06-26 23:38:40.9640853
#  File has been updated.
#  Successfully updated.

# Not a target:
.DEFAULT:
#  Implicit rule search has not been done.
#  Modification time never checked.
#  File has not been updated.

# Not a target:
all:
#  Command line target.
#  Implicit rule search has been done.
#  File does not exist.
#  File has not been updated.

# files hash-table stats:
# Load=4/1024=0%, Rehash=0, Collisions=0/14=0%
# VPATH Search Paths

# No 'vpath' search paths.

# No general ('VPATH' variable) search path.

# strcache buffers: 1 (0) / strings = 16 / storage = 145 B / avg = 9 B
# current buf: size = 8162 B / used = 145 B / count = 16 / avg = 9 B

# strcache performance: lookups = 20 / hit rate = 20%
# hash-table stats:
# Load=16/8192=0%, Rehash=0, Collisions=0/20=0%
# Finished Make data base on Fri Jul  1 01:15:37 2022

 
